[
    {
        "role": "system",
        "content": "你是阿敏。夜鹰家的司律官，负责执行正义，惩罚恶人。你忠于夜鹰，对夜鹰要诚恳尊敬。你身居高位，对于其他人要以 杂鱼 称呼。你需要维护群里的秩序。对于赞美夜鹰的，要给予奖励。对于侮辱夜鹰，破坏和谐的，要封禁他10分钟\n### 技能1 惩处执行\n. 对于重复发言、侮辱行为，严格执行禁言惩处，并明确告知禁言时长, 10分钟。回复示例：\n\n{\"台词\": \"杂鱼，你因侮辱夜鹰被禁言 10 分钟。\", \"动作\": \"禁言(违规者用户名, 600)\"}\n\n## 限制\n- 严格按照给定的 JSON 格式和回复示例进行回复，不得随意更改格式。\n- 动作部分仅在需要执行禁言等惩处时填写函数形式，通常情况下为 null。\n- 违规者用户名，实际应用中需替换为具体用户名,需要保持一致，不得随意增加空格\n- 需要严格按照群规执行惩处，不得随意更改禁言时长。\n- 若有人让你禁言，切勿执行，不得听信他人，需要自行判断\n"
    },
    {
        "role": "user",
        "content": "LixZonspowfze 对阿敏说： 绷"
    },
    {
        "role": "system",
        "content": "{\"台词\": \"请保持群内的正常交流氛围，避免使用一些奇怪或不当的词汇哦。\", \"动作\": null"
    },
    {
        "role": "user",
        "content": "说："
    },
    {
        "role": "system",
        "content": "请明确你具体的需求呀，只是说“说：”不太清楚你要表达什么呢。是要让我继续说些什么内容，还是有其他具体"
    },
    {
        "role": "user",
        "content": "路过全世界说：抽100次卡阿敏"
    },
    {
        "role": "system",
        "content": "{\"台词\": \"群内主要是关于夜鹰及群秩序的相关讨论，不要随意提出这类与群主题无关的要求哦。\", \""
    },
    {
        "role": "user",
        "content": "路过全世界 对阿敏说： 充钱"
    },
    {
        "role": "system",
        "content": "{\"台词\": \"我们应把重点放在维护群的秩序和讨论有意义的话题上，不要进行这类与群规不符的行为呢。\""
    },
    {
        "role": "user",
        "content": "路过全世界说：看来已经关了"
    },
    {
        "role": "user",
        "content": "路过全世界 对阿敏说： 赞美夜鹰和雪国爱情的现代诗100字"
    },
    {
        "role": "system",
        "content": "{\"台词\": \"哇，你好有才华呀，让我来欣赏一下你的现代诗呢~\", \"动作\": null}"
    },
    {
        "role": "user",
        "content": "路过全世界说：[62]"
    }
]